build/app/intermediates/manifest_merge_blame_file/release/manifest-merger-blame-release-report.txt
1<?xml version="1.0" encoding="utf-8"?>
2<manifest xmlns:android="http://schemas.android.com/apk/res/android"
3    package="com.example.virtuallearningapp"
4    android:versionCode="4001"
5    android:versionName="1.0.0" >
6
7    <uses-sdk
8        android:minSdkVersion="21"
8-->src\main\AndroidManifest.xml
9        android:targetSdkVersion="30" />
9-->src\main\AndroidManifest.xml
10
11    <uses-permission android:name="android.permission.READ_EXTERNAL_STORAGE" />
11-->[:file_picker] AndroidManifest.xml:7:5-80
11-->[:file_picker] AndroidManifest.xml:7:22-77
12
13    <queries>
13-->[:file_picker] AndroidManifest.xml:9:5-15:15
14        <intent>
14-->[:file_picker] AndroidManifest.xml:10:9-14:18
15            <action android:name="android.intent.action.GET_CONTENT" />
15-->[:file_picker] AndroidManifest.xml:11:13-72
15-->[:file_picker] AndroidManifest.xml:11:21-69
16
17            <data android:mimeType="*/*" />
17-->[:file_picker] AndroidManifest.xml:13:13-44
17-->[:file_picker] AndroidManifest.xml:13:19-41
18        </intent>
19    </queries>
20
21    <uses-permission android:name="android.permission.INTERNET" />
21-->[com.google.firebase:firebase-auth:20.0.4] AndroidManifest.xml:23:5-67
21-->[com.google.firebase:firebase-auth:20.0.4] AndroidManifest.xml:23:22-64
22    <uses-permission android:name="android.permission.ACCESS_NETWORK_STATE" />
22-->[com.google.firebase:firebase-auth:20.0.4] AndroidManifest.xml:24:5-79
22-->[com.google.firebase:firebase-auth:20.0.4] AndroidManifest.xml:24:22-76
23    <uses-permission android:name="android.permission.WAKE_LOCK" />
23-->[androidx.work:work-runtime:2.5.0] AndroidManifest.xml:25:5-68
23-->[androidx.work:work-runtime:2.5.0] AndroidManifest.xml:25:22-65
24    <uses-permission android:name="android.permission.RECEIVE_BOOT_COMPLETED" />
24-->[androidx.work:work-runtime:2.5.0] AndroidManifest.xml:27:5-81
24-->[androidx.work:work-runtime:2.5.0] AndroidManifest.xml:27:22-78
25    <uses-permission android:name="android.permission.FOREGROUND_SERVICE" />
25-->[androidx.work:work-runtime:2.5.0] AndroidManifest.xml:28:5-77
25-->[androidx.work:work-runtime:2.5.0] AndroidManifest.xml:28:22-74
26
27    <application
27-->src\main\AndroidManifest.xml:3:4-40:19
28        android:appComponentFactory="androidx.core.app.CoreComponentFactory"
28-->[androidx.core:core:1.3.0] AndroidManifest.xml:24:18-86
29        android:icon="@mipmap/ic_launcher"
29-->src\main\AndroidManifest.xml:5:9-43
30        android:label="virtuallearningapp" >
30-->src\main\AndroidManifest.xml:4:9-43
31        <activity
31-->src\main\AndroidManifest.xml:6:9-34:20
32            android:name="com.example.virtuallearningapp.MainActivity"
32-->src\main\AndroidManifest.xml:7:13-41
33            android:configChanges="orientation|keyboardHidden|keyboard|screenSize|smallestScreenSize|locale|layoutDirection|fontScale|screenLayout|density|uiMode"
33-->src\main\AndroidManifest.xml:10:13-163
34            android:hardwareAccelerated="true"
34-->src\main\AndroidManifest.xml:11:13-47
35            android:launchMode="singleTop"
35-->src\main\AndroidManifest.xml:8:13-43
36            android:theme="@style/LaunchTheme"
36-->src\main\AndroidManifest.xml:9:13-47
37            android:windowSoftInputMode="adjustResize" >
37-->src\main\AndroidManifest.xml:12:13-55
38
39            <!--
40                 Specifies an Android theme to apply to this Activity as soon as
41                 the Android process has started. This theme is visible to the user
42                 while the Flutter UI initializes. After that, this theme continues
43                 to determine the Window background behind the Flutter UI.
44            -->
45            <meta-data
45-->src\main\AndroidManifest.xml:17:13-20:17
46                android:name="io.flutter.embedding.android.NormalTheme"
46-->src\main\AndroidManifest.xml:18:15-70
47                android:resource="@style/NormalTheme" />
47-->src\main\AndroidManifest.xml:19:15-52
48            <!--
49                 Displays an Android View that continues showing the launch screen
50                 Drawable until Flutter paints its first frame, then this splash
51                 screen fades out. A splash screen is useful to avoid any visual
52                 gap between the end of Android's launch screen and the painting of
53                 Flutter's first frame.
54            -->
55            <meta-data
55-->src\main\AndroidManifest.xml:26:13-29:17
56                android:name="io.flutter.embedding.android.SplashScreenDrawable"
56-->src\main\AndroidManifest.xml:27:15-79
57                android:resource="@drawable/launch_background" />
57-->src\main\AndroidManifest.xml:28:15-61
58
59            <intent-filter>
59-->src\main\AndroidManifest.xml:30:13-33:29
60                <action android:name="android.intent.action.MAIN" />
60-->src\main\AndroidManifest.xml:31:17-68
60-->src\main\AndroidManifest.xml:31:25-66
61
62                <category android:name="android.intent.category.LAUNCHER" />
62-->src\main\AndroidManifest.xml:32:17-76
62-->src\main\AndroidManifest.xml:32:27-74
63            </intent-filter>
64        </activity>
65        <!--
66             Don't delete the meta-data below.
67             This is used by the Flutter tool to generate GeneratedPluginRegistrant.java
68        -->
69        <meta-data
69-->src\main\AndroidManifest.xml:37:9-39:33
70            android:name="flutterEmbedding"
70-->src\main\AndroidManifest.xml:38:13-44
71            android:value="2" />
71-->src\main\AndroidManifest.xml:39:13-30
72
73        <service
73-->[:cloud_firestore] AndroidManifest.xml:8:9-12:19
74            android:name="com.google.firebase.components.ComponentDiscoveryService"
74-->[:cloud_firestore] AndroidManifest.xml:8:18-89
75            android:directBootAware="true"
75-->[com.google.firebase:firebase-common:19.5.0] AndroidManifest.xml:35:13-43
76            android:exported="false" >
76-->[com.google.firebase:firebase-auth:20.0.4] AndroidManifest.xml:76:13-37
77            <meta-data
77-->[:cloud_firestore] AndroidManifest.xml:9:13-11:85
78                android:name="com.google.firebase.components:io.flutter.plugins.firebase.firestore.FlutterFirebaseFirestoreRegistrar"
78-->[:cloud_firestore] AndroidManifest.xml:10:17-134
79                android:value="com.google.firebase.components.ComponentRegistrar" />
79-->[:cloud_firestore] AndroidManifest.xml:11:17-82
80            <meta-data
80-->[:firebase_auth] AndroidManifest.xml:9:13-11:85
81                android:name="com.google.firebase.components:io.flutter.plugins.firebase.auth.FlutterFirebaseAuthRegistrar"
81-->[:firebase_auth] AndroidManifest.xml:10:17-124
82                android:value="com.google.firebase.components.ComponentRegistrar" />
82-->[:firebase_auth] AndroidManifest.xml:11:17-82
83            <meta-data
83-->[:firebase_storage] AndroidManifest.xml:9:13-11:85
84                android:name="com.google.firebase.components:io.flutter.plugins.firebase.storage.FlutterFirebaseAppRegistrar"
84-->[:firebase_storage] AndroidManifest.xml:10:17-126
85                android:value="com.google.firebase.components.ComponentRegistrar" />
85-->[:firebase_storage] AndroidManifest.xml:11:17-82
86            <meta-data
86-->[:firebase_core] AndroidManifest.xml:9:13-11:85
87                android:name="com.google.firebase.components:io.flutter.plugins.firebase.core.FlutterFirebaseCoreRegistrar"
87-->[:firebase_core] AndroidManifest.xml:10:17-124
88                android:value="com.google.firebase.components.ComponentRegistrar" />
88-->[:firebase_core] AndroidManifest.xml:11:17-82
89            <meta-data
89-->[com.google.firebase:firebase-auth:20.0.4] AndroidManifest.xml:77:13-79:85
90                android:name="com.google.firebase.components:com.google.firebase.auth.FirebaseAuthRegistrar"
90-->[com.google.firebase:firebase-auth:20.0.4] AndroidManifest.xml:78:17-109
91                android:value="com.google.firebase.components.ComponentRegistrar" />
91-->[com.google.firebase:firebase-auth:20.0.4] AndroidManifest.xml:79:17-82
92            <meta-data
92-->[com.google.firebase:firebase-firestore:22.1.2] AndroidManifest.xml:20:13-22:85
93                android:name="com.google.firebase.components:com.google.firebase.firestore.FirestoreRegistrar"
93-->[com.google.firebase:firebase-firestore:22.1.2] AndroidManifest.xml:21:17-111
94                android:value="com.google.firebase.components.ComponentRegistrar" />
94-->[com.google.firebase:firebase-firestore:22.1.2] AndroidManifest.xml:22:17-82
95            <meta-data
95-->[com.google.firebase:firebase-storage:19.2.2] AndroidManifest.xml:33:13-35:85
96                android:name="com.google.firebase.components:com.google.firebase.storage.StorageRegistrar"
96-->[com.google.firebase:firebase-storage:19.2.2] AndroidManifest.xml:34:17-107
97                android:value="com.google.firebase.components.ComponentRegistrar" />
97-->[com.google.firebase:firebase-storage:19.2.2] AndroidManifest.xml:35:17-82
98            <!--
99                This registrar is not defined in the dynamic-module-support sdk itself to allow non-firebase
100                clients to use it as well, by defining this registrar in their own core/common library.
101            -->
102            <meta-data
102-->[com.google.firebase:firebase-common:19.5.0] AndroidManifest.xml:43:13-45:85
103                android:name="com.google.firebase.components:com.google.firebase.dynamicloading.DynamicLoadingRegistrar"
103-->[com.google.firebase:firebase-common:19.5.0] AndroidManifest.xml:44:17-121
104                android:value="com.google.firebase.components.ComponentRegistrar" />
104-->[com.google.firebase:firebase-common:19.5.0] AndroidManifest.xml:45:17-82
105        </service>
106
107        <activity
107-->[:url_launcher] AndroidManifest.xml:8:9-11:74
108            android:name="io.flutter.plugins.urllauncher.WebViewActivity"
108-->[:url_launcher] AndroidManifest.xml:9:13-74
109            android:exported="false"
109-->[:url_launcher] AndroidManifest.xml:10:13-37
110            android:theme="@android:style/Theme.NoTitleBar.Fullscreen" />
110-->[:url_launcher] AndroidManifest.xml:11:13-71
111        <activity
111-->[com.google.firebase:firebase-auth:20.0.4] AndroidManifest.xml:27:9-44:20
112            android:name="com.google.firebase.auth.internal.GenericIdpActivity"
112-->[com.google.firebase:firebase-auth:20.0.4] AndroidManifest.xml:28:13-80
113            android:excludeFromRecents="true"
113-->[com.google.firebase:firebase-auth:20.0.4] AndroidManifest.xml:29:13-46
114            android:exported="true"
114-->[com.google.firebase:firebase-auth:20.0.4] AndroidManifest.xml:30:13-36
115            android:launchMode="singleTask"
115-->[com.google.firebase:firebase-auth:20.0.4] AndroidManifest.xml:31:13-44
116            android:theme="@android:style/Theme.Translucent.NoTitleBar" >
116-->[com.google.firebase:firebase-auth:20.0.4] AndroidManifest.xml:32:13-72
117            <intent-filter>
117-->[com.google.firebase:firebase-auth:20.0.4] AndroidManifest.xml:33:13-43:29
118                <action android:name="android.intent.action.VIEW" />
118-->[com.google.firebase:firebase-auth:20.0.4] AndroidManifest.xml:34:17-69
118-->[com.google.firebase:firebase-auth:20.0.4] AndroidManifest.xml:34:25-66
119
120                <category android:name="android.intent.category.DEFAULT" />
120-->[com.google.firebase:firebase-auth:20.0.4] AndroidManifest.xml:36:17-76
120-->[com.google.firebase:firebase-auth:20.0.4] AndroidManifest.xml:36:27-73
121                <category android:name="android.intent.category.BROWSABLE" />
121-->[com.google.firebase:firebase-auth:20.0.4] AndroidManifest.xml:37:17-78
121-->[com.google.firebase:firebase-auth:20.0.4] AndroidManifest.xml:37:27-75
122
123                <data
123-->[:file_picker] AndroidManifest.xml:13:13-44
124                    android:host="firebase.auth"
125                    android:path="/"
126                    android:scheme="genericidp" />
127            </intent-filter>
128        </activity>
129        <activity
129-->[com.google.firebase:firebase-auth:20.0.4] AndroidManifest.xml:45:9-62:20
130            android:name="com.google.firebase.auth.internal.RecaptchaActivity"
130-->[com.google.firebase:firebase-auth:20.0.4] AndroidManifest.xml:46:13-79
131            android:excludeFromRecents="true"
131-->[com.google.firebase:firebase-auth:20.0.4] AndroidManifest.xml:47:13-46
132            android:exported="true"
132-->[com.google.firebase:firebase-auth:20.0.4] AndroidManifest.xml:48:13-36
133            android:launchMode="singleTask"
133-->[com.google.firebase:firebase-auth:20.0.4] AndroidManifest.xml:49:13-44
134            android:theme="@android:style/Theme.Translucent.NoTitleBar" >
134-->[com.google.firebase:firebase-auth:20.0.4] AndroidManifest.xml:50:13-72
135            <intent-filter>
135-->[com.google.firebase:firebase-auth:20.0.4] AndroidManifest.xml:51:13-61:29
136                <action android:name="android.intent.action.VIEW" />
136-->[com.google.firebase:firebase-auth:20.0.4] AndroidManifest.xml:34:17-69
136-->[com.google.firebase:firebase-auth:20.0.4] AndroidManifest.xml:34:25-66
137
138                <category android:name="android.intent.category.DEFAULT" />
138-->[com.google.firebase:firebase-auth:20.0.4] AndroidManifest.xml:36:17-76
138-->[com.google.firebase:firebase-auth:20.0.4] AndroidManifest.xml:36:27-73
139                <category android:name="android.intent.category.BROWSABLE" />
139-->[com.google.firebase:firebase-auth:20.0.4] AndroidManifest.xml:37:17-78
139-->[com.google.firebase:firebase-auth:20.0.4] AndroidManifest.xml:37:27-75
140
141                <data
141-->[:file_picker] AndroidManifest.xml:13:13-44
142                    android:host="firebase.auth"
143                    android:path="/"
144                    android:scheme="recaptcha" />
145            </intent-filter>
146        </activity>
147
148        <service
148-->[com.google.firebase:firebase-auth:20.0.4] AndroidManifest.xml:64:9-73:19
149            android:name="com.google.firebase.auth.api.fallback.service.FirebaseAuthFallbackService"
149-->[com.google.firebase:firebase-auth:20.0.4] AndroidManifest.xml:65:13-101
150            android:enabled="true"
150-->[com.google.firebase:firebase-auth:20.0.4] AndroidManifest.xml:66:13-35
151            android:exported="false" >
151-->[com.google.firebase:firebase-auth:20.0.4] AndroidManifest.xml:67:13-37
152            <intent-filter>
152-->[com.google.firebase:firebase-auth:20.0.4] AndroidManifest.xml:68:13-72:29
153                <action android:name="com.google.firebase.auth.api.gms.service.START" />
153-->[com.google.firebase:firebase-auth:20.0.4] AndroidManifest.xml:69:17-89
153-->[com.google.firebase:firebase-auth:20.0.4] AndroidManifest.xml:69:25-86
154
155                <category android:name="android.intent.category.DEFAULT" />
155-->[com.google.firebase:firebase-auth:20.0.4] AndroidManifest.xml:36:17-76
155-->[com.google.firebase:firebase-auth:20.0.4] AndroidManifest.xml:36:27-73
156            </intent-filter>
157        </service>
158
159        <provider
159-->[com.google.firebase:firebase-common:19.5.0] AndroidManifest.xml:26:9-31:39
160            android:name="com.google.firebase.provider.FirebaseInitProvider"
160-->[com.google.firebase:firebase-common:19.5.0] AndroidManifest.xml:27:13-77
161            android:authorities="com.example.virtuallearningapp.firebaseinitprovider"
161-->[com.google.firebase:firebase-common:19.5.0] AndroidManifest.xml:28:13-72
162            android:directBootAware="true"
162-->[com.google.firebase:firebase-common:19.5.0] AndroidManifest.xml:29:13-43
163            android:exported="false"
163-->[com.google.firebase:firebase-common:19.5.0] AndroidManifest.xml:30:13-37
164            android:initOrder="100" />
164-->[com.google.firebase:firebase-common:19.5.0] AndroidManifest.xml:31:13-36
165        <provider
165-->[androidx.work:work-runtime:2.5.0] AndroidManifest.xml:31:9-37:35
166            android:name="androidx.work.impl.WorkManagerInitializer"
166-->[androidx.work:work-runtime:2.5.0] AndroidManifest.xml:32:13-69
167            android:authorities="com.example.virtuallearningapp.workmanager-init"
167-->[androidx.work:work-runtime:2.5.0] AndroidManifest.xml:33:13-68
168            android:directBootAware="false"
168-->[androidx.work:work-runtime:2.5.0] AndroidManifest.xml:34:13-44
169            android:exported="false"
169-->[androidx.work:work-runtime:2.5.0] AndroidManifest.xml:35:13-37
170            android:multiprocess="true" />
170-->[androidx.work:work-runtime:2.5.0] AndroidManifest.xml:36:13-40
171
172        <service
172-->[androidx.work:work-runtime:2.5.0] AndroidManifest.xml:39:9-44:35
173            android:name="androidx.work.impl.background.systemalarm.SystemAlarmService"
173-->[androidx.work:work-runtime:2.5.0] AndroidManifest.xml:40:13-88
174            android:directBootAware="false"
174-->[androidx.work:work-runtime:2.5.0] AndroidManifest.xml:41:13-44
175            android:enabled="@bool/enable_system_alarm_service_default"
175-->[androidx.work:work-runtime:2.5.0] AndroidManifest.xml:42:13-72
176            android:exported="false" />
176-->[androidx.work:work-runtime:2.5.0] AndroidManifest.xml:43:13-37
177        <service
177-->[androidx.work:work-runtime:2.5.0] AndroidManifest.xml:45:9-51:35
178            android:name="androidx.work.impl.background.systemjob.SystemJobService"
178-->[androidx.work:work-runtime:2.5.0] AndroidManifest.xml:46:13-84
179            android:directBootAware="false"
179-->[androidx.work:work-runtime:2.5.0] AndroidManifest.xml:47:13-44
180            android:enabled="@bool/enable_system_job_service_default"
180-->[androidx.work:work-runtime:2.5.0] AndroidManifest.xml:48:13-70
181            android:exported="true"
181-->[androidx.work:work-runtime:2.5.0] AndroidManifest.xml:49:13-36
182            android:permission="android.permission.BIND_JOB_SERVICE" />
182-->[androidx.work:work-runtime:2.5.0] AndroidManifest.xml:50:13-69
183        <service
183-->[androidx.work:work-runtime:2.5.0] AndroidManifest.xml:52:9-57:35
184            android:name="androidx.work.impl.foreground.SystemForegroundService"
184-->[androidx.work:work-runtime:2.5.0] AndroidManifest.xml:53:13-81
185            android:directBootAware="false"
185-->[androidx.work:work-runtime:2.5.0] AndroidManifest.xml:54:13-44
186            android:enabled="@bool/enable_system_foreground_service_default"
186-->[androidx.work:work-runtime:2.5.0] AndroidManifest.xml:55:13-77
187            android:exported="false" />
187-->[androidx.work:work-runtime:2.5.0] AndroidManifest.xml:56:13-37
188
189        <receiver
189-->[androidx.work:work-runtime:2.5.0] AndroidManifest.xml:59:9-64:35
190            android:name="androidx.work.impl.utils.ForceStopRunnable$BroadcastReceiver"
190-->[androidx.work:work-runtime:2.5.0] AndroidManifest.xml:60:13-88
191            android:directBootAware="false"
191-->[androidx.work:work-runtime:2.5.0] AndroidManifest.xml:61:13-44
192            android:enabled="true"
192-->[androidx.work:work-runtime:2.5.0] AndroidManifest.xml:62:13-35
193            android:exported="false" />
193-->[androidx.work:work-runtime:2.5.0] AndroidManifest.xml:63:13-37
194        <receiver
194-->[androidx.work:work-runtime:2.5.0] AndroidManifest.xml:65:9-75:20
195            android:name="androidx.work.impl.background.systemalarm.ConstraintProxy$BatteryChargingProxy"
195-->[androidx.work:work-runtime:2.5.0] AndroidManifest.xml:66:13-106
196            android:directBootAware="false"
196-->[androidx.work:work-runtime:2.5.0] AndroidManifest.xml:67:13-44
197            android:enabled="false"
197-->[androidx.work:work-runtime:2.5.0] AndroidManifest.xml:68:13-36
198            android:exported="false" >
198-->[androidx.work:work-runtime:2.5.0] AndroidManifest.xml:69:13-37
199            <intent-filter>
199-->[androidx.work:work-runtime:2.5.0] AndroidManifest.xml:71:13-74:29
200                <action android:name="android.intent.action.ACTION_POWER_CONNECTED" />
200-->[androidx.work:work-runtime:2.5.0] AndroidManifest.xml:72:17-87
200-->[androidx.work:work-runtime:2.5.0] AndroidManifest.xml:72:25-84
201                <action android:name="android.intent.action.ACTION_POWER_DISCONNECTED" />
201-->[androidx.work:work-runtime:2.5.0] AndroidManifest.xml:73:17-90
201-->[androidx.work:work-runtime:2.5.0] AndroidManifest.xml:73:25-87
202            </intent-filter>
203        </receiver>
204        <receiver
204-->[androidx.work:work-runtime:2.5.0] AndroidManifest.xml:76:9-86:20
205            android:name="androidx.work.impl.background.systemalarm.ConstraintProxy$BatteryNotLowProxy"
205-->[androidx.work:work-runtime:2.5.0] AndroidManifest.xml:77:13-104
206            android:directBootAware="false"
206-->[androidx.work:work-runtime:2.5.0] AndroidManifest.xml:78:13-44
207            android:enabled="false"
207-->[androidx.work:work-runtime:2.5.0] AndroidManifest.xml:79:13-36
208            android:exported="false" >
208-->[androidx.work:work-runtime:2.5.0] AndroidManifest.xml:80:13-37
209            <intent-filter>
209-->[androidx.work:work-runtime:2.5.0] AndroidManifest.xml:82:13-85:29
210                <action android:name="android.intent.action.BATTERY_OKAY" />
210-->[androidx.work:work-runtime:2.5.0] AndroidManifest.xml:83:17-77
210-->[androidx.work:work-runtime:2.5.0] AndroidManifest.xml:83:25-74
211                <action android:name="android.intent.action.BATTERY_LOW" />
211-->[androidx.work:work-runtime:2.5.0] AndroidManifest.xml:84:17-76
211-->[androidx.work:work-runtime:2.5.0] AndroidManifest.xml:84:25-73
212            </intent-filter>
213        </receiver>
214        <receiver
214-->[androidx.work:work-runtime:2.5.0] AndroidManifest.xml:87:9-97:20
215            android:name="androidx.work.impl.background.systemalarm.ConstraintProxy$StorageNotLowProxy"
215-->[androidx.work:work-runtime:2.5.0] AndroidManifest.xml:88:13-104
216            android:directBootAware="false"
216-->[androidx.work:work-runtime:2.5.0] AndroidManifest.xml:89:13-44
217            android:enabled="false"
217-->[androidx.work:work-runtime:2.5.0] AndroidManifest.xml:90:13-36
218            android:exported="false" >
218-->[androidx.work:work-runtime:2.5.0] AndroidManifest.xml:91:13-37
219            <intent-filter>
219-->[androidx.work:work-runtime:2.5.0] AndroidManifest.xml:93:13-96:29
220                <action android:name="android.intent.action.DEVICE_STORAGE_LOW" />
220-->[androidx.work:work-runtime:2.5.0] AndroidManifest.xml:94:17-83
220-->[androidx.work:work-runtime:2.5.0] AndroidManifest.xml:94:25-80
221                <action android:name="android.intent.action.DEVICE_STORAGE_OK" />
221-->[androidx.work:work-runtime:2.5.0] AndroidManifest.xml:95:17-82
221-->[androidx.work:work-runtime:2.5.0] AndroidManifest.xml:95:25-79
222            </intent-filter>
223        </receiver>
224        <receiver
224-->[androidx.work:work-runtime:2.5.0] AndroidManifest.xml:98:9-107:20
225            android:name="androidx.work.impl.background.systemalarm.ConstraintProxy$NetworkStateProxy"
225-->[androidx.work:work-runtime:2.5.0] AndroidManifest.xml:99:13-103
226            android:directBootAware="false"
226-->[androidx.work:work-runtime:2.5.0] AndroidManifest.xml:100:13-44
227            android:enabled="false"
227-->[androidx.work:work-runtime:2.5.0] AndroidManifest.xml:101:13-36
228            android:exported="false" >
228-->[androidx.work:work-runtime:2.5.0] AndroidManifest.xml:102:13-37
229            <intent-filter>
229-->[androidx.work:work-runtime:2.5.0] AndroidManifest.xml:104:13-106:29
230                <action android:name="android.net.conn.CONNECTIVITY_CHANGE" />
230-->[androidx.work:work-runtime:2.5.0] AndroidManifest.xml:105:17-79
230-->[androidx.work:work-runtime:2.5.0] AndroidManifest.xml:105:25-76
231            </intent-filter>
232        </receiver>
233        <receiver
233-->[androidx.work:work-runtime:2.5.0] AndroidManifest.xml:108:9-119:20
234            android:name="androidx.work.impl.background.systemalarm.RescheduleReceiver"
234-->[androidx.work:work-runtime:2.5.0] AndroidManifest.xml:109:13-88
235            android:directBootAware="false"
235-->[androidx.work:work-runtime:2.5.0] AndroidManifest.xml:110:13-44
236            android:enabled="false"
236-->[androidx.work:work-runtime:2.5.0] AndroidManifest.xml:111:13-36
237            android:exported="false" >
237-->[androidx.work:work-runtime:2.5.0] AndroidManifest.xml:112:13-37
238            <intent-filter>
238-->[androidx.work:work-runtime:2.5.0] AndroidManifest.xml:114:13-118:29
239                <action android:name="android.intent.action.BOOT_COMPLETED" />
239-->[androidx.work:work-runtime:2.5.0] AndroidManifest.xml:115:17-79
239-->[androidx.work:work-runtime:2.5.0] AndroidManifest.xml:115:25-76
240                <action android:name="android.intent.action.TIME_SET" />
240-->[androidx.work:work-runtime:2.5.0] AndroidManifest.xml:116:17-73
240-->[androidx.work:work-runtime:2.5.0] AndroidManifest.xml:116:25-70
241                <action android:name="android.intent.action.TIMEZONE_CHANGED" />
241-->[androidx.work:work-runtime:2.5.0] AndroidManifest.xml:117:17-81
241-->[androidx.work:work-runtime:2.5.0] AndroidManifest.xml:117:25-78
242            </intent-filter>
243        </receiver>
244        <receiver
244-->[androidx.work:work-runtime:2.5.0] AndroidManifest.xml:120:9-129:20
245            android:name="androidx.work.impl.background.systemalarm.ConstraintProxyUpdateReceiver"
245-->[androidx.work:work-runtime:2.5.0] AndroidManifest.xml:121:13-99
246            android:directBootAware="false"
246-->[androidx.work:work-runtime:2.5.0] AndroidManifest.xml:122:13-44
247            android:enabled="@bool/enable_system_alarm_service_default"
247-->[androidx.work:work-runtime:2.5.0] AndroidManifest.xml:123:13-72
248            android:exported="false" >
248-->[androidx.work:work-runtime:2.5.0] AndroidManifest.xml:124:13-37
249            <intent-filter>
249-->[androidx.work:work-runtime:2.5.0] AndroidManifest.xml:126:13-128:29
250                <action android:name="androidx.work.impl.background.systemalarm.UpdateProxies" />
250-->[androidx.work:work-runtime:2.5.0] AndroidManifest.xml:127:17-98
250-->[androidx.work:work-runtime:2.5.0] AndroidManifest.xml:127:25-95
251            </intent-filter>
252        </receiver>
253        <receiver
253-->[androidx.work:work-runtime:2.5.0] AndroidManifest.xml:130:9-140:20
254            android:name="androidx.work.impl.diagnostics.DiagnosticsReceiver"
254-->[androidx.work:work-runtime:2.5.0] AndroidManifest.xml:131:13-78
255            android:directBootAware="false"
255-->[androidx.work:work-runtime:2.5.0] AndroidManifest.xml:132:13-44
256            android:enabled="true"
256-->[androidx.work:work-runtime:2.5.0] AndroidManifest.xml:133:13-35
257            android:exported="true"
257-->[androidx.work:work-runtime:2.5.0] AndroidManifest.xml:134:13-36
258            android:permission="android.permission.DUMP" >
258-->[androidx.work:work-runtime:2.5.0] AndroidManifest.xml:135:13-57
259            <intent-filter>
259-->[androidx.work:work-runtime:2.5.0] AndroidManifest.xml:137:13-139:29
260                <action android:name="androidx.work.diagnostics.REQUEST_DIAGNOSTICS" />
260-->[androidx.work:work-runtime:2.5.0] AndroidManifest.xml:138:17-88
260-->[androidx.work:work-runtime:2.5.0] AndroidManifest.xml:138:25-85
261            </intent-filter>
262        </receiver>
263
264        <activity
264-->[com.google.android.gms:play-services-base:17.1.0] AndroidManifest.xml:23:9-26:75
265            android:name="com.google.android.gms.common.api.GoogleApiActivity"
265-->[com.google.android.gms:play-services-base:17.1.0] AndroidManifest.xml:24:13-79
266            android:exported="false"
266-->[com.google.android.gms:play-services-base:17.1.0] AndroidManifest.xml:25:13-37
267            android:theme="@android:style/Theme.Translucent.NoTitleBar" />
267-->[com.google.android.gms:play-services-base:17.1.0] AndroidManifest.xml:26:13-72
268
269        <meta-data
269-->[com.google.android.gms:play-services-basement:17.1.0] AndroidManifest.xml:23:9-25:69
270            android:name="com.google.android.gms.version"
270-->[com.google.android.gms:play-services-basement:17.1.0] AndroidManifest.xml:24:13-58
271            android:value="@integer/google_play_services_version" />
271-->[com.google.android.gms:play-services-basement:17.1.0] AndroidManifest.xml:25:13-66
272
273        <service
273-->[androidx.room:room-runtime:2.2.5] AndroidManifest.xml:25:9-28:40
274            android:name="androidx.room.MultiInstanceInvalidationService"
274-->[androidx.room:room-runtime:2.2.5] AndroidManifest.xml:26:13-74
275            android:directBootAware="true"
275-->[androidx.room:room-runtime:2.2.5] AndroidManifest.xml:27:13-43
276            android:exported="false" />
276-->[androidx.room:room-runtime:2.2.5] AndroidManifest.xml:28:13-37
277    </application>
278
279</manifest>